2024-07-19 00:03:02,058 INFO PERFORMANCE:|4|4|-1|-1

2024-07-19 00:08:02,065 INFO PERFORMANCE:|4|4|-1|-1

2024-07-19 00:13:02,069 INFO PERFORMANCE:|4|4|-1|-1

2024-07-19 00:18:01,998 INFO PERFORMANCE:|4|4|-1|-1

2024-07-19 00:23:02,001 INFO PERFORMANCE:|4|4|-1|-1

2024-07-19 00:28:02,001 INFO PERFORMANCE:|4|4|-1|-1

2024-07-19 00:33:02,002 INFO PERFORMANCE:|8|8|-1|-1

2024-07-19 00:38:02,005 INFO PERFORMANCE:|8|8|-1|-1

2024-07-19 00:43:02,009 INFO PERFORMANCE:|8|8|-1|-1

2024-07-19 00:48:02,064 INFO PERFORMANCE:|8|8|-1|-1

2024-07-19 00:53:02,069 INFO PERFORMANCE:|8|8|-1|-1

2024-07-19 00:58:02,072 INFO PERFORMANCE:|8|8|-1|-1

2024-07-19 18:28:18,460 INFO PERFORMANCE:|4|4|-1|-1

2024-07-19 18:33:18,475 INFO PERFORMANCE:|8|4|-1|-1

2024-07-19 18:38:18,478 INFO PERFORMANCE:|0|0|-1|-1

2024-07-19 18:43:18,481 INFO PERFORMANCE:|0|0|-1|-1

2024-07-19 18:48:18,520 INFO PERFORMANCE:|0|0|-1|-1

2024-07-19 18:53:18,527 INFO PERFORMANCE:|0|0|-1|-1

2024-07-19 18:58:18,532 INFO PERFORMANCE:|0|0|-1|-1

2024-07-19 19:03:18,558 INFO PERFORMANCE:|0|0|-1|-1

2024-07-19 19:08:18,573 INFO PERFORMANCE:|0|0|-1|-1

2024-07-19 19:13:18,585 INFO PERFORMANCE:|0|0|-1|-1

2024-07-19 19:18:18,591 INFO PERFORMANCE:|0|0|-1|-1

2024-07-19 19:23:18,590 INFO PERFORMANCE:|0|0|-1|-1

2024-07-19 19:28:18,600 INFO PERFORMANCE:|0|0|-1|-1

2024-07-19 19:33:18,610 INFO PERFORMANCE:|0|0|-1|-1

2024-07-19 19:38:18,619 INFO PERFORMANCE:|0|0|-1|-1

2024-07-19 19:43:18,629 INFO PERFORMANCE:|0|0|-1|-1

2024-07-19 19:48:18,640 INFO PERFORMANCE:|0|0|-1|-1

2024-07-19 19:53:18,672 INFO PERFORMANCE:|0|0|-1|-1

2024-07-19 20:24:21,476 INFO PERFORMANCE:|4|4|-1|-1

2024-07-19 21:15:49,263 INFO PERFORMANCE:|0|0|-1|-1

2024-07-19 21:20:49,269 INFO PERFORMANCE:|4|4|-1|-1

2024-07-19 21:25:49,273 INFO PERFORMANCE:|4|4|-1|-1

2024-07-19 21:28:42,175 INFO PERFORMANCE:|8|4|3|2

